<?xml version="1.0" encoding="UTF-8"?>
<testsuite name="com.jojoldu.book.springboot.web.HelloControllerTest" tests="2" skipped="0" failures="0" errors="0" timestamp="2020-12-28T05:29:24" hostname="DESKTOP-NLHTL3U" time="0.13">
  <properties/>
  <testcase name="helloDto" classname="com.jojoldu.book.springboot.web.HelloControllerTest" time="0.123"/>
  <testcase name="hello가_리턴된다" classname="com.jojoldu.book.springboot.web.HelloControllerTest" time="0.007"/>
  <system-out><![CDATA[2020-12-28 14:29:24.138  INFO 9756 --- [    Test worker] .b.t.a.w.s.WebMvcTestContextBootstrapper : Neither @ContextConfiguration nor @ContextHierarchy found for test class [com.jojoldu.book.springboot.web.HelloControllerTest], using SpringBootContextLoader
2020-12-28 14:29:24.138  INFO 9756 --- [    Test worker] o.s.t.c.support.AbstractContextLoader    : Could not detect default resource locations for test class [com.jojoldu.book.springboot.web.HelloControllerTest]: no resource found for suffixes {-context.xml, Context.groovy}.
2020-12-28 14:29:24.139  INFO 9756 --- [    Test worker] t.c.s.AnnotationConfigContextLoaderUtils : Could not detect default configuration classes for test class [com.jojoldu.book.springboot.web.HelloControllerTest]: HelloControllerTest does not declare any static, non-private, non-final, nested classes annotated with @Configuration.
2020-12-28 14:29:24.157  INFO 9756 --- [    Test worker] .b.t.c.SpringBootTestContextBootstrapper : Found @SpringBootConfiguration com.jojoldu.book.springboot.Application for test class com.jojoldu.book.springboot.web.HelloControllerTest
2020-12-28 14:29:24.157  INFO 9756 --- [    Test worker] .b.t.a.w.s.WebMvcTestContextBootstrapper : Loaded default TestExecutionListener class names from location [META-INF/spring.factories]: [org.springframework.security.test.context.support.WithSecurityContextTestExecutionListener, org.springframework.security.test.context.support.ReactorContextTestExecutionListener, org.springframework.boot.test.autoconfigure.restdocs.RestDocsTestExecutionListener, org.springframework.boot.test.autoconfigure.web.client.MockRestServiceServerResetTestExecutionListener, org.springframework.boot.test.autoconfigure.web.servlet.MockMvcPrintOnlyOnFailureTestExecutionListener, org.springframework.boot.test.autoconfigure.web.servlet.WebDriverTestExecutionListener, org.springframework.boot.test.mock.mockito.MockitoTestExecutionListener, org.springframework.boot.test.mock.mockito.ResetMocksTestExecutionListener, org.springframework.test.context.web.ServletTestExecutionListener, org.springframework.test.context.support.DirtiesContextBeforeModesTestExecutionListener, org.springframework.test.context.support.DependencyInjectionTestExecutionListener, org.springframework.test.context.support.DirtiesContextTestExecutionListener, org.springframework.test.context.transaction.TransactionalTestExecutionListener, org.springframework.test.context.jdbc.SqlScriptsTestExecutionListener]
2020-12-28 14:29:24.158  INFO 9756 --- [    Test worker] .b.t.a.w.s.WebMvcTestContextBootstrapper : Using TestExecutionListeners: [org.springframework.test.context.web.ServletTestExecutionListener@20060149, org.springframework.test.context.support.DirtiesContextBeforeModesTestExecutionListener@78c64c58, org.springframework.boot.test.mock.mockito.MockitoTestExecutionListener@10b7d0e4, org.springframework.boot.test.autoconfigure.SpringBootDependencyInjectionTestExecutionListener@1b6e88e3, org.springframework.test.context.support.DirtiesContextTestExecutionListener@b72ce8e, org.springframework.test.context.transaction.TransactionalTestExecutionListener@411ce734, org.springframework.test.context.jdbc.SqlScriptsTestExecutionListener@6f823f03, org.springframework.security.test.context.support.WithSecurityContextTestExecutionListener@c48b80, org.springframework.security.test.context.support.ReactorContextTestExecutionListener@1d5f33a8, org.springframework.boot.test.autoconfigure.restdocs.RestDocsTestExecutionListener@3b5c4270, org.springframework.boot.test.autoconfigure.web.client.MockRestServiceServerResetTestExecutionListener@4558083f, org.springframework.boot.test.autoconfigure.web.servlet.MockMvcPrintOnlyOnFailureTestExecutionListener@61e4039f, org.springframework.boot.test.autoconfigure.web.servlet.WebDriverTestExecutionListener@542ae78, org.springframework.boot.test.mock.mockito.ResetMocksTestExecutionListener@5c543362]

  .   ____          _            __ _ _
 /\\ / ___'_ __ _ _(_)_ __  __ _ \ \ \ \
( ( )\___ | '_ | '_| | '_ \/ _` | \ \ \ \
 \\/  ___)| |_)| | | | | || (_| |  ) ) ) )
  '  |____| .__|_| |_|_| |_\__, | / / / /
 =========|_|==============|___/=/_/_/_/
 :: Spring Boot ::        (v2.1.7.RELEASE)

2020-12-28 14:29:24.182  INFO 9756 --- [    Test worker] c.j.b.s.web.HelloControllerTest          : Starting HelloControllerTest on DESKTOP-NLHTL3U with PID 9756 (started by rbsks in D:\intelliJ_SpringBoot)
2020-12-28 14:29:24.182  INFO 9756 --- [    Test worker] c.j.b.s.web.HelloControllerTest          : No active profile set, falling back to default profiles: default
2020-12-28 14:29:24.564  INFO 9756 --- [    Test worker] o.s.s.concurrent.ThreadPoolTaskExecutor  : Initializing ExecutorService 'applicationTaskExecutor'
2020-12-28 14:29:24.599  INFO 9756 --- [    Test worker] o.s.b.a.w.s.WelcomePageHandlerMapping    : Adding welcome page template: index
2020-12-28 14:29:24.761  INFO 9756 --- [    Test worker] .s.s.UserDetailsServiceAutoConfiguration : 

Using generated security password: 8ed4542e-2c33-4b39-9303-90db96a3ddeb

2020-12-28 14:29:24.870  INFO 9756 --- [    Test worker] o.s.s.web.DefaultSecurityFilterChain     : Creating filter chain: any request, [org.springframework.security.web.context.request.async.WebAsyncManagerIntegrationFilter@61c57473, org.springframework.security.web.context.SecurityContextPersistenceFilter@58ee9a98, org.springframework.security.web.header.HeaderWriterFilter@59ed85ff, org.springframework.security.web.csrf.CsrfFilter@4de96976, org.springframework.security.web.authentication.logout.LogoutFilter@5b61c1ca, org.springframework.security.web.authentication.UsernamePasswordAuthenticationFilter@3c29b200, org.springframework.security.web.authentication.ui.DefaultLoginPageGeneratingFilter@7f2ef356, org.springframework.security.web.authentication.ui.DefaultLogoutPageGeneratingFilter@6e89ce39, org.springframework.security.web.authentication.www.BasicAuthenticationFilter@4e75890, org.springframework.security.web.savedrequest.RequestCacheAwareFilter@5a2bb59a, org.springframework.security.web.servletapi.SecurityContextHolderAwareRequestFilter@6fdc115d, org.springframework.security.web.authentication.AnonymousAuthenticationFilter@501428a0, org.springframework.security.web.session.SessionManagementFilter@5fc9f56d, org.springframework.security.web.access.ExceptionTranslationFilter@665c837c, org.springframework.security.web.access.intercept.FilterSecurityInterceptor@6a3a7d2]
2020-12-28 14:29:24.899  INFO 9756 --- [    Test worker] o.s.b.t.m.w.SpringBootMockServletContext : Initializing Spring TestDispatcherServlet ''
2020-12-28 14:29:24.899  INFO 9756 --- [    Test worker] o.s.t.web.servlet.TestDispatcherServlet  : Initializing Servlet ''
2020-12-28 14:29:24.908  INFO 9756 --- [    Test worker] o.s.t.web.servlet.TestDispatcherServlet  : Completed initialization in 9 ms
2020-12-28 14:29:24.935  INFO 9756 --- [    Test worker] c.j.b.s.web.HelloControllerTest          : Started HelloControllerTest in 0.775 seconds (JVM running for 7.658)
]]></system-out>
  <system-err><![CDATA[]]></system-err>
</testsuite>
